<?xml version="1.0" encoding="UTF-8"?>
<testsuite xmlns:xsi="http://www.w3.org/2001/XMLSchema-instance" xsi:noNamespaceSchemaLocation="https://maven.apache.org/surefire/maven-surefire-plugin/xsd/surefire-test-report-3.0.xsd" version="3.0" name="IngredientTypeTest" time="0.017" tests="2" errors="0" skipped="0" failures="0">
  <properties>
[...]
</properties>
  <testcase name="testIngredientTypeChecking[0]" classname="IngredientTypeTest" time="0.011"/>
  <testcase name="testIngredientTypeChecking[1]" classname="IngredientTypeTest" time="0"/>
</testsuite>